#
# There is insufficient memory for the Java Runtime Environment to continue.
# Native memory allocation (malloc) failed to allocate 289936 bytes for Chunk::new
# Possible reasons:
#   The system is out of physical RAM or swap space
#   The process is running with CompressedOops enabled, and the Java Heap may be blocking the growth of the native heap
# Possible solutions:
#   Reduce memory load on the system
#   Increase physical memory or swap space
#   Check if swap backing store is full
#   Decrease Java heap size (-Xmx/-Xms)
#   Decrease number of Java threads
#   Decrease Java thread stack sizes (-Xss)
#   Set larger code cache with -XX:ReservedCodeCacheSize=
#   JVM is running with Zero Based Compressed Oops mode in which the Java heap is
#     placed in the first 32GB address space. The Java Heap base address is the
#     maximum limit for the native heap growth. Please use -XX:HeapBaseMinAddress
#     to set the Java Heap base and to place the Java Heap above 32GB virtual address.
# This output file may be truncated or incomplete.
#
#  Out of Memory Error (./src/hotspot/share/memory/arena.cpp:197), pid=25208, tid=8008
#
# JRE version: OpenJDK Runtime Environment (11.0.8+10) (build 11.0.8+10-b944.6842174)
# Java VM: OpenJDK 64-Bit Server VM (11.0.8+10-b944.6842174, mixed mode, tiered, compressed oops, g1 gc, windows-amd64)
# No core dump will be written. Minidumps are not enabled by default on client versions of Windows
#

---------------  S U M M A R Y ------------

Command Line: -Dorg.gradle.appname=gradlew org.gradle.wrapper.GradleWrapperMain -q -Ptarget-platform=android-x86 -Ptarget=D:\code\dart_flutter\Billing-App-Flutter\lib\main.dart -Pbase-application-name=android.app.Application -Pdart-defines=Zmx1dHRlci5pbnNwZWN0b3Iuc3RydWN0dXJlZEVycm9ycz10cnVl,RkxVVFRFUl9XRUJfQVVUT19ERVRFQ1Q9dHJ1ZQ== -Pdart-obfuscation=false -Ptrack-widget-creation=true -Ptree-shake-icons=false -Pfilesystem-scheme=org-dartlang-root assembleDebug

Host: Intel(R) Core(TM) i7-10510U CPU @ 1.80GHz, 8 cores, 11G,  Windows 10 , 64 bit Build 19041 (10.0.19041.1889)
Time: Sat Aug 20 18:17:48 2022 Iran Daylight Time elapsed time: 3 seconds (0d 0h 0m 3s)

---------------  T H R E A D  ---------------

Current thread (0x000001aec4651000):  JavaThread "C2 CompilerThread0" daemon [_thread_in_native, id=8008, stack(0x0000006f6d200000,0x0000006f6d300000)]


Current CompileTask:
C2:   3693  812  s!   4       jdk.internal.loader.URLClassPath::getLoader (194 bytes)

Stack: [0x0000006f6d200000,0x0000006f6d300000]
Native frames: (J=compiled Java code, j=interpreted, Vv=VM code, C=native code)
V  [jvm.dll+0x5de50a]
V  [jvm.dll+0x7122f5]
V  [jvm.dll+0x71384d]
V  [jvm.dll+0x713f03]
V  [jvm.dll+0x23e728]
V  [jvm.dll+0xb899c]
V  [jvm.dll+0xb8e9c]
V  [jvm.dll+0x35024d]
V  [jvm.dll+0x31dea3]
V  [jvm.dll+0x31d39a]
V  [jvm.dll+0x1f7702]
V  [jvm.dll+0x1f68d4]
V  [jvm.dll+0x17f32c]
V  [jvm.dll+0x205047]
V  [jvm.dll+0x203891]
V  [jvm.dll+0x6dad3f]
V  [jvm.dll+0x6d3895]
V  [jvm.dll+0x5dd4a6]
C  [ucrtbase.dll+0x21bb2]
C  [KERNEL32.DLL+0x17034]
C  [ntdll.dll+0x52651]


---------------  P R O C E S S  ---------------

Threads class SMR info:
_java_thread_list=0x000001aec5149780, length=11, elements={
0x000001aea7650000, 0x000001aec3e0e800, 0x000001aec4639000, 0x000001aec464d000,
0x000001aec464e000, 0x000001aec4651000, 0x000001aec4654800, 0x000001aec4698800,
0x000001aec47f0800, 0x000001aec480a800, 0x000001aec5262800
}

Java Threads: ( => current thread )
  0x000001aea7650000 JavaThread "main" [_thread_blocked, id=19224, stack(0x0000006f6c700000,0x0000006f6c800000)]
  0x000001aec3e0e800 JavaThread "Reference Handler" daemon [_thread_blocked, id=20872, stack(0x0000006f6ce00000,0x0000006f6cf00000)]
  0x000001aec4639000 JavaThread "Finalizer" daemon [_thread_blocked, id=20332, stack(0x0000006f6cf00000,0x0000006f6d000000)]
  0x000001aec464d000 JavaThread "Signal Dispatcher" daemon [_thread_blocked, id=18300, stack(0x0000006f6d000000,0x0000006f6d100000)]
  0x000001aec464e000 JavaThread "Attach Listener" daemon [_thread_blocked, id=23592, stack(0x0000006f6d100000,0x0000006f6d200000)]
=>0x000001aec4651000 JavaThread "C2 CompilerThread0" daemon [_thread_in_native, id=8008, stack(0x0000006f6d200000,0x0000006f6d300000)]
  0x000001aec4654800 JavaThread "C1 CompilerThread0" daemon [_thread_blocked, id=12412, stack(0x0000006f6d300000,0x0000006f6d400000)]
  0x000001aec4698800 JavaThread "Sweeper thread" daemon [_thread_blocked, id=19884, stack(0x0000006f6d400000,0x0000006f6d500000)]
  0x000001aec47f0800 JavaThread "Service Thread" daemon [_thread_blocked, id=24712, stack(0x0000006f6d500000,0x0000006f6d600000)]
  0x000001aec480a800 JavaThread "Common-Cleaner" daemon [_thread_blocked, id=1556, stack(0x0000006f6d700000,0x0000006f6d800000)]
  0x000001aec5262800 JavaThread "pool-1-thread-1" [_thread_blocked, id=3568, stack(0x0000006f6d800000,0x0000006f6d900000)]

Other Threads:
  0x000001aec3e0a000 VMThread "VM Thread" [stack: 0x0000006f6cd00000,0x0000006f6ce00000] [id=27100]
  0x000001aec47f1800 WatcherThread [stack: 0x0000006f6d600000,0x0000006f6d700000] [id=24296]
  0x000001aea7667800 GCTaskThread "GC Thread#0" [stack: 0x0000006f6c800000,0x0000006f6c900000] [id=12428]
  0x000001aec553a800 GCTaskThread "GC Thread#1" [stack: 0x0000006f6d900000,0x0000006f6da00000] [id=6712]
  0x000001aea76ac000 ConcurrentGCThread "G1 Main Marker" [stack: 0x0000006f6c900000,0x0000006f6ca00000] [id=18388]
  0x000001aea76ae800 ConcurrentGCThread "G1 Conc#0" [stack: 0x0000006f6ca00000,0x0000006f6cb00000] [id=20540]
  0x000001aec48f8800 ConcurrentGCThread "G1 Conc#1" [stack: 0x0000000000000000,0x0000000000000000] [id=15812]
  0x000001aec3c6c800 ConcurrentGCThread "G1 Refine#0" [stack: 0x0000006f6cb00000,0x0000006f6cc00000] [id=15060]
  0x000001aec3c6f800 ConcurrentGCThread "G1 Young RemSet Sampling" [stack: 0x0000006f6cc00000,0x0000006f6cd00000] [id=16480]

Threads with active compile tasks:
C2 CompilerThread0   3926  812  s!   4       jdk.internal.loader.URLClassPath::getLoader (194 bytes)

VM state:not at safepoint (normal execution)

VM Mutex/Monitor currently owned by a thread: None

Heap address: 0x0000000742800000, size: 3032 MB, Compressed Oops mode: Zero based, Oop shift amount: 3
Narrow klass base: 0x0000000800000000, Narrow klass shift: 0
Compressed class space size: 1073741824 Address: 0x0000000800000000

Heap:
 garbage-first heap   total 194560K, used 8450K [0x0000000742800000, 0x0000000800000000)
  region size 1024K, 4 young (4096K), 3 survivors (3072K)
 Metaspace       used 10695K, capacity 10959K, committed 11264K, reserved 1069056K
  class space    used 1132K, capacity 1226K, committed 1280K, reserved 1048576K
Heap Regions: E=young(eden), S=young(survivor), O=old, HS=humongous(starts), HC=humongous(continues), CS=collection set, F=free, A=archive, TAMS=top-at-mark-start (previous, next)
|   0|0x0000000742800000, 0x0000000742800000, 0x0000000742900000|  0%| F|  |TAMS 0x0000000742800000, 0x0000000742800000| Untracked 
|   1|0x0000000742900000, 0x0000000742900000, 0x0000000742a00000|  0%| F|  |TAMS 0x0000000742900000, 0x0000000742900000| Untracked 
|   2|0x0000000742a00000, 0x0000000742a00000, 0x0000000742b00000|  0%| F|  |TAMS 0x0000000742a00000, 0x0000000742a00000| Untracked 
|   3|0x0000000742b00000, 0x0000000742c00000, 0x0000000742c00000|100%|HS|  |TAMS 0x0000000742b00000, 0x0000000742c00000| Complete 
|   4|0x0000000742c00000, 0x0000000742d00000, 0x0000000742d00000|100%|HC|  |TAMS 0x0000000742c00000, 0x0000000742d00000| Complete 
|   5|0x0000000742d00000, 0x0000000742e00000, 0x0000000742e00000|100%|HC|  |TAMS 0x0000000742d00000, 0x0000000742e00000| Complete 
|   6|0x0000000742e00000, 0x0000000742f00000, 0x0000000742f00000|100%| O|  |TAMS 0x0000000742e00000, 0x0000000742f00000| Untracked 
|   7|0x0000000742f00000, 0x0000000743000000, 0x0000000743000000|100%| O|  |TAMS 0x0000000742f00000, 0x0000000743000000| Untracked 
|   8|0x0000000743000000, 0x0000000743040a00, 0x0000000743100000| 25%| O|  |TAMS 0x0000000743000000, 0x0000000743040a00| Untracked 
|   9|0x0000000743100000, 0x0000000743100000, 0x0000000743200000|  0%| F|  |TAMS 0x0000000743100000, 0x0000000743100000| Untracked 
|  10|0x0000000743200000, 0x0000000743200000, 0x0000000743300000|  0%| F|  |TAMS 0x0000000743200000, 0x0000000743200000| Untracked 
|  11|0x0000000743300000, 0x0000000743300000, 0x0000000743400000|  0%| F|  |TAMS 0x0000000743300000, 0x0000000743300000| Untracked 
|  12|0x0000000743400000, 0x0000000743400000, 0x0000000743500000|  0%| F|  |TAMS 0x0000000743400000, 0x0000000743400000| Untracked 
|  13|0x0000000743500000, 0x0000000743500000, 0x0000000743600000|  0%| F|  |TAMS 0x0000000743500000, 0x0000000743500000| Untracked 
|  14|0x0000000743600000, 0x0000000743600000, 0x0000000743700000|  0%| F|  |TAMS 0x0000000743600000, 0x0000000743600000| Untracked 
|  15|0x0000000743700000, 0x0000000743700000, 0x0000000743800000|  0%| F|  |TAMS 0x0000000743700000, 0x0000000743700000| Untracked 
|  16|0x0000000743800000, 0x0000000743800000, 0x0000000743900000|  0%| F|  |TAMS 0x0000000743800000, 0x0000000743800000| Untracked 
|  17|0x0000000743900000, 0x0000000743900000, 0x0000000743a00000|  0%| F|  |TAMS 0x0000000743900000, 0x0000000743900000| Untracked 
|  18|0x0000000743a00000, 0x0000000743a00000, 0x0000000743b00000|  0%| F|  |TAMS 0x0000000743a00000, 0x0000000743a00000| Untracked 
|  19|0x0000000743b00000, 0x0000000743b00000, 0x0000000743c00000|  0%| F|  |TAMS 0x0000000743b00000, 0x0000000743b00000| Untracked 
|  20|0x0000000743c00000, 0x0000000743c00000, 0x0000000743d00000|  0%| F|  |TAMS 0x0000000743c00000, 0x0000000743c00000| Untracked 
|  21|0x0000000743d00000, 0x0000000743d00000, 0x0000000743e00000|  0%| F|  |TAMS 0x0000000743d00000, 0x0000000743d00000| Untracked 
|  22|0x0000000743e00000, 0x0000000743e00000, 0x0000000743f00000|  0%| F|  |TAMS 0x0000000743e00000, 0x0000000743e00000| Untracked 
|  23|0x0000000743f00000, 0x0000000743f00000, 0x0000000744000000|  0%| F|  |TAMS 0x0000000743f00000, 0x0000000743f00000| Untracked 
|  24|0x0000000744000000, 0x0000000744000000, 0x0000000744100000|  0%| F|  |TAMS 0x0000000744000000, 0x0000000744000000| Untracked 
|  25|0x0000000744100000, 0x0000000744100000, 0x0000000744200000|  0%| F|  |TAMS 0x0000000744100000, 0x0000000744100000| Untracked 
|  26|0x0000000744200000, 0x0000000744200000, 0x0000000744300000|  0%| F|  |TAMS 0x0000000744200000, 0x0000000744200000| Untracked 
|  27|0x0000000744300000, 0x0000000744300000, 0x0000000744400000|  0%| F|  |TAMS 0x0000000744300000, 0x0000000744300000| Untracked 
|  28|0x0000000744400000, 0x0000000744400000, 0x0000000744500000|  0%| F|  |TAMS 0x0000000744400000, 0x0000000744400000| Untracked 
|  29|0x0000000744500000, 0x0000000744500000, 0x0000000744600000|  0%| F|  |TAMS 0x0000000744500000, 0x0000000744500000| Untracked 
|  30|0x0000000744600000, 0x0000000744600000, 0x0000000744700000|  0%| F|  |TAMS 0x0000000744600000, 0x0000000744600000| Untracked 
|  31|0x0000000744700000, 0x0000000744700000, 0x0000000744800000|  0%| F|  |TAMS 0x0000000744700000, 0x0000000744700000| Untracked 
|  32|0x0000000744800000, 0x0000000744800000, 0x0000000744900000|  0%| F|  |TAMS 0x0000000744800000, 0x0000000744800000| Untracked 
|  33|0x0000000744900000, 0x0000000744900000, 0x0000000744a00000|  0%| F|  |TAMS 0x0000000744900000, 0x0000000744900000| Untracked 
|  34|0x0000000744a00000, 0x0000000744a00000, 0x0000000744b00000|  0%| F|  |TAMS 0x0000000744a00000, 0x0000000744a00000| Untracked 
|  35|0x0000000744b00000, 0x0000000744b00000, 0x0000000744c00000|  0%| F|  |TAMS 0x0000000744b00000, 0x0000000744b00000| Untracked 
|  36|0x0000000744c00000, 0x0000000744c00000, 0x0000000744d00000|  0%| F|  |TAMS 0x0000000744c00000, 0x0000000744c00000| Untracked 
|  37|0x0000000744d00000, 0x0000000744d00000, 0x0000000744e00000|  0%| F|  |TAMS 0x0000000744d00000, 0x0000000744d00000| Untracked 
|  38|0x0000000744e00000, 0x0000000744e00000, 0x0000000744f00000|  0%| F|  |TAMS 0x0000000744e00000, 0x0000000744e00000| Untracked 
|  39|0x0000000744f00000, 0x0000000744f00000, 0x0000000745000000|  0%| F|  |TAMS 0x0000000744f00000, 0x0000000744f00000| Untracked 
|  40|0x0000000745000000, 0x0000000745000000, 0x0000000745100000|  0%| F|  |TAMS 0x0000000745000000, 0x0000000745000000| Untracked 
|  41|0x0000000745100000, 0x0000000745100000, 0x0000000745200000|  0%| F|  |TAMS 0x0000000745100000, 0x0000000745100000| Untracked 
|  42|0x0000000745200000, 0x0000000745200000, 0x0000000745300000|  0%| F|  |TAMS 0x0000000745200000, 0x0000000745200000| Untracked 
|  43|0x0000000745300000, 0x0000000745300000, 0x0000000745400000|  0%| F|  |TAMS 0x0000000745300000, 0x0000000745300000| Untracked 
|  44|0x0000000745400000, 0x0000000745400000, 0x0000000745500000|  0%| F|  |TAMS 0x0000000745400000, 0x0000000745400000| Untracked 
|  45|0x0000000745500000, 0x0000000745500000, 0x0000000745600000|  0%| F|  |TAMS 0x0000000745500000, 0x0000000745500000| Untracked 
|  46|0x0000000745600000, 0x0000000745600000, 0x0000000745700000|  0%| F|  |TAMS 0x0000000745600000, 0x0000000745600000| Untracked 
|  47|0x0000000745700000, 0x0000000745700000, 0x0000000745800000|  0%| F|  |TAMS 0x0000000745700000, 0x0000000745700000| Untracked 
|  48|0x0000000745800000, 0x0000000745800000, 0x0000000745900000|  0%| F|  |TAMS 0x0000000745800000, 0x0000000745800000| Untracked 
|  49|0x0000000745900000, 0x0000000745900000, 0x0000000745a00000|  0%| F|  |TAMS 0x0000000745900000, 0x0000000745900000| Untracked 
|  50|0x0000000745a00000, 0x0000000745a00000, 0x0000000745b00000|  0%| F|  |TAMS 0x0000000745a00000, 0x0000000745a00000| Untracked 
|  51|0x0000000745b00000, 0x0000000745b00000, 0x0000000745c00000|  0%| F|  |TAMS 0x0000000745b00000, 0x0000000745b00000| Untracked 
|  52|0x0000000745c00000, 0x0000000745c00000, 0x0000000745d00000|  0%| F|  |TAMS 0x0000000745c00000, 0x0000000745c00000| Untracked 
|  53|0x0000000745d00000, 0x0000000745d00000, 0x0000000745e00000|  0%| F|  |TAMS 0x0000000745d00000, 0x0000000745d00000| Untracked 
|  54|0x0000000745e00000, 0x0000000745e00000, 0x0000000745f00000|  0%| F|  |TAMS 0x0000000745e00000, 0x0000000745e00000| Untracked 
|  55|0x0000000745f00000, 0x0000000745f00000, 0x0000000746000000|  0%| F|  |TAMS 0x0000000745f00000, 0x0000000745f00000| Untracked 
|  56|0x0000000746000000, 0x0000000746000000, 0x0000000746100000|  0%| F|  |TAMS 0x0000000746000000, 0x0000000746000000| Untracked 
|  57|0x0000000746100000, 0x0000000746100000, 0x0000000746200000|  0%| F|  |TAMS 0x0000000746100000, 0x0000000746100000| Untracked 
|  58|0x0000000746200000, 0x0000000746200000, 0x0000000746300000|  0%| F|  |TAMS 0x0000000746200000, 0x0000000746200000| Untracked 
|  59|0x0000000746300000, 0x0000000746300000, 0x0000000746400000|  0%| F|  |TAMS 0x0000000746300000, 0x0000000746300000| Untracked 
|  60|0x0000000746400000, 0x0000000746400000, 0x0000000746500000|  0%| F|  |TAMS 0x0000000746400000, 0x0000000746400000| Untracked 
|  61|0x0000000746500000, 0x0000000746500000, 0x0000000746600000|  0%| F|  |TAMS 0x0000000746500000, 0x0000000746500000| Untracked 
|  62|0x0000000746600000, 0x0000000746600000, 0x0000000746700000|  0%| F|  |TAMS 0x0000000746600000, 0x0000000746600000| Untracked 
|  63|0x0000000746700000, 0x0000000746700000, 0x0000000746800000|  0%| F|  |TAMS 0x0000000746700000, 0x0000000746700000| Untracked 
|  64|0x0000000746800000, 0x0000000746800000, 0x0000000746900000|  0%| F|  |TAMS 0x0000000746800000, 0x0000000746800000| Untracked 
|  65|0x0000000746900000, 0x0000000746900000, 0x0000000746a00000|  0%| F|  |TAMS 0x0000000746900000, 0x0000000746900000| Untracked 
|  66|0x0000000746a00000, 0x0000000746a00000, 0x0000000746b00000|  0%| F|  |TAMS 0x0000000746a00000, 0x0000000746a00000| Untracked 
|  67|0x0000000746b00000, 0x0000000746b00000, 0x0000000746c00000|  0%| F|  |TAMS 0x0000000746b00000, 0x0000000746b00000| Untracked 
|  68|0x0000000746c00000, 0x0000000746c00000, 0x0000000746d00000|  0%| F|  |TAMS 0x0000000746c00000, 0x0000000746c00000| Untracked 
|  69|0x0000000746d00000, 0x0000000746d00000, 0x0000000746e00000|  0%| F|  |TAMS 0x0000000746d00000, 0x0000000746d00000| Untracked 
|  70|0x0000000746e00000, 0x0000000746e00000, 0x0000000746f00000|  0%| F|  |TAMS 0x0000000746e00000, 0x0000000746e00000| Untracked 
|  71|0x0000000746f00000, 0x0000000746f00000, 0x0000000747000000|  0%| F|  |TAMS 0x0000000746f00000, 0x0000000746f00000| Untracked 
|  72|0x0000000747000000, 0x0000000747000000, 0x0000000747100000|  0%| F|  |TAMS 0x0000000747000000, 0x0000000747000000| Untracked 
|  73|0x0000000747100000, 0x0000000747100000, 0x0000000747200000|  0%| F|  |TAMS 0x0000000747100000, 0x0000000747100000| Untracked 
|  74|0x0000000747200000, 0x0000000747200000, 0x0000000747300000|  0%| F|  |TAMS 0x0000000747200000, 0x0000000747200000| Untracked 
|  75|0x0000000747300000, 0x0000000747300000, 0x0000000747400000|  0%| F|  |TAMS 0x0000000747300000, 0x0000000747300000| Untracked 
|  76|0x0000000747400000, 0x0000000747400000, 0x0000000747500000|  0%| F|  |TAMS 0x0000000747400000, 0x0000000747400000| Untracked 
|  77|0x0000000747500000, 0x0000000747500000, 0x0000000747600000|  0%| F|  |TAMS 0x0000000747500000, 0x0000000747500000| Untracked 
|  78|0x0000000747600000, 0x0000000747600000, 0x0000000747700000|  0%| F|  |TAMS 0x0000000747600000, 0x0000000747600000| Untracked 
|  79|0x0000000747700000, 0x0000000747700000, 0x0000000747800000|  0%| F|  |TAMS 0x0000000747700000, 0x0000000747700000| Untracked 
|  80|0x0000000747800000, 0x0000000747800000, 0x0000000747900000|  0%| F|  |TAMS 0x0000000747800000, 0x0000000747800000| Untracked 
|  81|0x0000000747900000, 0x0000000747900000, 0x0000000747a00000|  0%| F|  |TAMS 0x0000000747900000, 0x0000000747900000| Untracked 
|  82|0x0000000747a00000, 0x0000000747a00000, 0x0000000747b00000|  0%| F|  |TAMS 0x0000000747a00000, 0x0000000747a00000| Untracked 
|  83|0x0000000747b00000, 0x0000000747b00000, 0x0000000747c00000|  0%| F|  |TAMS 0x0000000747b00000, 0x0000000747b00000| Untracked 
|  84|0x0000000747c00000, 0x0000000747c00000, 0x0000000747d00000|  0%| F|  |TAMS 0x0000000747c00000, 0x0000000747c00000| Untracked 
|  85|0x0000000747d00000, 0x0000000747d00000, 0x0000000747e00000|  0%| F|  |TAMS 0x0000000747d00000, 0x0000000747d00000| Untracked 
|  86|0x0000000747e00000, 0x0000000747e00000, 0x0000000747f00000|  0%| F|  |TAMS 0x0000000747e00000, 0x0000000747e00000| Untracked 
|  87|0x0000000747f00000, 0x0000000747f00000, 0x0000000748000000|  0%| F|  |TAMS 0x0000000747f00000, 0x0000000747f00000| Untracked 
|  88|0x0000000748000000, 0x0000000748000000, 0x0000000748100000|  0%| F|  |TAMS 0x0000000748000000, 0x0000000748000000| Untracked 
|  89|0x0000000748100000, 0x0000000748100000, 0x0000000748200000|  0%| F|  |TAMS 0x0000000748100000, 0x0000000748100000| Untracked 
|  90|0x0000000748200000, 0x0000000748200000, 0x0000000748300000|  0%| F|  |TAMS 0x0000000748200000, 0x0000000748200000| Untracked 
|  91|0x0000000748300000, 0x0000000748300000, 0x0000000748400000|  0%| F|  |TAMS 0x0000000748300000, 0x0000000748300000| Untracked 
|  92|0x0000000748400000, 0x0000000748400000, 0x0000000748500000|  0%| F|  |TAMS 0x0000000748400000, 0x0000000748400000| Untracked 
|  93|0x0000000748500000, 0x0000000748500000, 0x0000000748600000|  0%| F|  |TAMS 0x0000000748500000, 0x0000000748500000| Untracked 
|  94|0x0000000748600000, 0x0000000748600000, 0x0000000748700000|  0%| F|  |TAMS 0x0000000748600000, 0x0000000748600000| Untracked 
|  95|0x0000000748700000, 0x0000000748700000, 0x0000000748800000|  0%| F|  |TAMS 0x0000000748700000, 0x0000000748700000| Untracked 
|  96|0x0000000748800000, 0x0000000748800000, 0x0000000748900000|  0%| F|  |TAMS 0x0000000748800000, 0x0000000748800000| Untracked 
|  97|0x0000000748900000, 0x0000000748900000, 0x0000000748a00000|  0%| F|  |TAMS 0x0000000748900000, 0x0000000748900000| Untracked 
|  98|0x0000000748a00000, 0x0000000748a00000, 0x0000000748b00000|  0%| F|  |TAMS 0x0000000748a00000, 0x0000000748a00000| Untracked 
|  99|0x0000000748b00000, 0x0000000748b00000, 0x0000000748c00000|  0%| F|  |TAMS 0x0000000748b00000, 0x0000000748b00000| Untracked 
| 100|0x0000000748c00000, 0x0000000748c00000, 0x0000000748d00000|  0%| F|  |TAMS 0x0000000748c00000, 0x0000000748c00000| Untracked 
| 101|0x0000000748d00000, 0x0000000748d00000, 0x0000000748e00000|  0%| F|  |TAMS 0x0000000748d00000, 0x0000000748d00000| Untracked 
| 102|0x0000000748e00000, 0x0000000748e00000, 0x0000000748f00000|  0%| F|  |TAMS 0x0000000748e00000, 0x0000000748e00000| Untracked 
| 103|0x0000000748f00000, 0x0000000748f00000, 0x0000000749000000|  0%| F|  |TAMS 0x0000000748f00000, 0x0000000748f00000| Untracked 
| 104|0x0000000749000000, 0x0000000749000000, 0x0000000749100000|  0%| F|  |TAMS 0x0000000749000000, 0x0000000749000000| Untracked 
| 105|0x0000000749100000, 0x0000000749100000, 0x0000000749200000|  0%| F|  |TAMS 0x0000000749100000, 0x0000000749100000| Untracked 
| 106|0x0000000749200000, 0x0000000749200000, 0x0000000749300000|  0%| F|  |TAMS 0x0000000749200000, 0x0000000749200000| Untracked 
| 107|0x0000000749300000, 0x0000000749300000, 0x0000000749400000|  0%| F|  |TAMS 0x0000000749300000, 0x0000000749300000| Untracked 
| 108|0x0000000749400000, 0x0000000749400000, 0x0000000749500000|  0%| F|  |TAMS 0x0000000749400000, 0x0000000749400000| Untracked 
| 109|0x0000000749500000, 0x0000000749500000, 0x0000000749600000|  0%| F|  |TAMS 0x0000000749500000, 0x0000000749500000| Untracked 
| 110|0x0000000749600000, 0x0000000749600000, 0x0000000749700000|  0%| F|  |TAMS 0x0000000749600000, 0x0000000749600000| Untracked 
| 111|0x0000000749700000, 0x0000000749700000, 0x0000000749800000|  0%| F|  |TAMS 0x0000000749700000, 0x0000000749700000| Untracked 
| 112|0x0000000749800000, 0x0000000749800000, 0x0000000749900000|  0%| F|  |TAMS 0x0000000749800000, 0x0000000749800000| Untracked 
| 113|0x0000000749900000, 0x0000000749900000, 0x0000000749a00000|  0%| F|  |TAMS 0x0000000749900000, 0x0000000749900000| Untracked 
| 114|0x0000000749a00000, 0x0000000749a00000, 0x0000000749b00000|  0%| F|  |TAMS 0x0000000749a00000, 0x0000000749a00000| Untracked 
| 115|0x0000000749b00000, 0x0000000749b00000, 0x0000000749c00000|  0%| F|  |TAMS 0x0000000749b00000, 0x0000000749b00000| Untracked 
| 116|0x0000000749c00000, 0x0000000749c00000, 0x0000000749d00000|  0%| F|  |TAMS 0x0000000749c00000, 0x0000000749c00000| Untracked 
| 117|0x0000000749d00000, 0x0000000749d00000, 0x0000000749e00000|  0%| F|  |TAMS 0x0000000749d00000, 0x0000000749d00000| Untracked 
| 118|0x0000000749e00000, 0x0000000749e00000, 0x0000000749f00000|  0%| F|  |TAMS 0x0000000749e00000, 0x0000000749e00000| Untracked 
| 119|0x0000000749f00000, 0x0000000749f00000, 0x000000074a000000|  0%| F|  |TAMS 0x0000000749f00000, 0x0000000749f00000| Untracked 
| 120|0x000000074a000000, 0x000000074a000000, 0x000000074a100000|  0%| F|  |TAMS 0x000000074a000000, 0x000000074a000000| Untracked 
| 121|0x000000074a100000, 0x000000074a100000, 0x000000074a200000|  0%| F|  |TAMS 0x000000074a100000, 0x000000074a100000| Untracked 
| 122|0x000000074a200000, 0x000000074a200000, 0x000000074a300000|  0%| F|  |TAMS 0x000000074a200000, 0x000000074a200000| Untracked 
| 123|0x000000074a300000, 0x000000074a300000, 0x000000074a400000|  0%| F|  |TAMS 0x000000074a300000, 0x000000074a300000| Untracked 
| 124|0x000000074a400000, 0x000000074a400000, 0x000000074a500000|  0%| F|  |TAMS 0x000000074a400000, 0x000000074a400000| Untracked 
| 125|0x000000074a500000, 0x000000074a500000, 0x000000074a600000|  0%| F|  |TAMS 0x000000074a500000, 0x000000074a500000| Untracked 
| 126|0x000000074a600000, 0x000000074a600000, 0x000000074a700000|  0%| F|  |TAMS 0x000000074a600000, 0x000000074a600000| Untracked 
| 127|0x000000074a700000, 0x000000074a700000, 0x000000074a800000|  0%| F|  |TAMS 0x000000074a700000, 0x000000074a700000| Untracked 
| 128|0x000000074a800000, 0x000000074a800000, 0x000000074a900000|  0%| F|  |TAMS 0x000000074a800000, 0x000000074a800000| Untracked 
| 129|0x000000074a900000, 0x000000074a900000, 0x000000074aa00000|  0%| F|  |TAMS 0x000000074a900000, 0x000000074a900000| Untracked 
| 130|0x000000074aa00000, 0x000000074aa00000, 0x000000074ab00000|  0%| F|  |TAMS 0x000000074aa00000, 0x000000074aa00000| Untracked 
| 131|0x000000074ab00000, 0x000000074ab00000, 0x000000074ac00000|  0%| F|  |TAMS 0x000000074ab00000, 0x000000074ab00000| Untracked 
| 132|0x000000074ac00000, 0x000000074ac00000, 0x000000074ad00000|  0%| F|  |TAMS 0x000000074ac00000, 0x000000074ac00000| Untracked 
| 133|0x000000074ad00000, 0x000000074ad00000, 0x000000074ae00000|  0%| F|  |TAMS 0x000000074ad00000, 0x000000074ad00000| Untracked 
| 134|0x000000074ae00000, 0x000000074ae00000, 0x000000074af00000|  0%| F|  |TAMS 0x000000074ae00000, 0x000000074ae00000| Untracked 
| 135|0x000000074af00000, 0x000000074af00000, 0x000000074b000000|  0%| F|  |TAMS 0x000000074af00000, 0x000000074af00000| Untracked 
| 136|0x000000074b000000, 0x000000074b000000, 0x000000074b100000|  0%| F|  |TAMS 0x000000074b000000, 0x000000074b000000| Untracked 
| 137|0x000000074b100000, 0x000000074b100000, 0x000000074b200000|  0%| F|  |TAMS 0x000000074b100000, 0x000000074b100000| Untracked 
| 138|0x000000074b200000, 0x000000074b200000, 0x000000074b300000|  0%| F|  |TAMS 0x000000074b200000, 0x000000074b200000| Untracked 
| 139|0x000000074b300000, 0x000000074b300000, 0x000000074b400000|  0%| F|  |TAMS 0x000000074b300000, 0x000000074b300000| Untracked 
| 140|0x000000074b400000, 0x000000074b400000, 0x000000074b500000|  0%| F|  |TAMS 0x000000074b400000, 0x000000074b400000| Untracked 
| 141|0x000000074b500000, 0x000000074b500000, 0x000000074b600000|  0%| F|  |TAMS 0x000000074b500000, 0x000000074b500000| Untracked 
| 142|0x000000074b600000, 0x000000074b600000, 0x000000074b700000|  0%| F|  |TAMS 0x000000074b600000, 0x000000074b600000| Untracked 
| 143|0x000000074b700000, 0x000000074b700000, 0x000000074b800000|  0%| F|  |TAMS 0x000000074b700000, 0x000000074b700000| Untracked 
| 144|0x000000074b800000, 0x000000074b800000, 0x000000074b900000|  0%| F|  |TAMS 0x000000074b800000, 0x000000074b800000| Untracked 
| 145|0x000000074b900000, 0x000000074b900000, 0x000000074ba00000|  0%| F|  |TAMS 0x000000074b900000, 0x000000074b900000| Untracked 
| 146|0x000000074ba00000, 0x000000074ba00000, 0x000000074bb00000|  0%| F|  |TAMS 0x000000074ba00000, 0x000000074ba00000| Untracked 
| 147|0x000000074bb00000, 0x000000074bb00000, 0x000000074bc00000|  0%| F|  |TAMS 0x000000074bb00000, 0x000000074bb00000| Untracked 
| 148|0x000000074bc00000, 0x000000074bc00000, 0x000000074bd00000|  0%| F|  |TAMS 0x000000074bc00000, 0x000000074bc00000| Untracked 
| 149|0x000000074bd00000, 0x000000074bd00000, 0x000000074be00000|  0%| F|  |TAMS 0x000000074bd00000, 0x000000074bd00000| Untracked 
| 150|0x000000074be00000, 0x000000074be00000, 0x000000074bf00000|  0%| F|  |TAMS 0x000000074be00000, 0x000000074be00000| Untracked 
| 151|0x000000074bf00000, 0x000000074bf00000, 0x000000074c000000|  0%| F|  |TAMS 0x000000074bf00000, 0x000000074bf00000| Untracked 
| 152|0x000000074c000000, 0x000000074c000000, 0x000000074c100000|  0%| F|  |TAMS 0x000000074c000000, 0x000000074c000000| Untracked 
| 153|0x000000074c100000, 0x000000074c100000, 0x000000074c200000|  0%| F|  |TAMS 0x000000074c100000, 0x000000074c100000| Untracked 
| 154|0x000000074c200000, 0x000000074c200000, 0x000000074c300000|  0%| F|  |TAMS 0x000000074c200000, 0x000000074c200000| Untracked 
| 155|0x000000074c300000, 0x000000074c300000, 0x000000074c400000|  0%| F|  |TAMS 0x000000074c300000, 0x000000074c300000| Untracked 
| 156|0x000000074c400000, 0x000000074c400000, 0x000000074c500000|  0%| F|  |TAMS 0x000000074c400000, 0x000000074c400000| Untracked 
| 157|0x000000074c500000, 0x000000074c500000, 0x000000074c600000|  0%| F|  |TAMS 0x000000074c500000, 0x000000074c500000| Untracked 
| 158|0x000000074c600000, 0x000000074c600000, 0x000000074c700000|  0%| F|  |TAMS 0x000000074c600000, 0x000000074c600000| Untracked 
| 159|0x000000074c700000, 0x000000074c700000, 0x000000074c800000|  0%| F|  |TAMS 0x000000074c700000, 0x000000074c700000| Untracked 
| 160|0x000000074c800000, 0x000000074c800000, 0x000000074c900000|  0%| F|  |TAMS 0x000000074c800000, 0x000000074c800000| Untracked 
| 161|0x000000074c900000, 0x000000074c900000, 0x000000074ca00000|  0%| F|  |TAMS 0x000000074c900000, 0x000000074c900000| Untracked 
| 162|0x000000074ca00000, 0x000000074ca00000, 0x000000074cb00000|  0%| F|  |TAMS 0x000000074ca00000, 0x000000074ca00000| Untracked 
| 163|0x000000074cb00000, 0x000000074cb00000, 0x000000074cc00000|  0%| F|  |TAMS 0x000000074cb00000, 0x000000074cb00000| Untracked 
| 164|0x000000074cc00000, 0x000000074cc00000, 0x000000074cd00000|  0%| F|  |TAMS 0x000000074cc00000, 0x000000074cc00000| Untracked 
| 165|0x000000074cd00000, 0x000000074ce00000, 0x000000074ce00000|100%| S|CS|TAMS 0x000000074cd00000, 0x000000074cd00000| Complete 
| 166|0x000000074ce00000, 0x000000074cf00000, 0x000000074cf00000|100%| S|CS|TAMS 0x000000074ce00000, 0x000000074ce00000| Complete 
| 167|0x000000074cf00000, 0x000000074d000000, 0x000000074d000000|100%| S|CS|TAMS 0x000000074cf00000, 0x000000074cf00000| Complete 
| 168|0x000000074d000000, 0x000000074d000000, 0x000000074d100000|  0%| F|  |TAMS 0x000000074d000000, 0x000000074d000000| Untracked 
| 169|0x000000074d100000, 0x000000074d100000, 0x000000074d200000|  0%| F|  |TAMS 0x000000074d100000, 0x000000074d100000| Untracked 
| 170|0x000000074d200000, 0x000000074d200000, 0x000000074d300000|  0%| F|  |TAMS 0x000000074d200000, 0x000000074d200000| Untracked 
| 171|0x000000074d300000, 0x000000074d300000, 0x000000074d400000|  0%| F|  |TAMS 0x000000074d300000, 0x000000074d300000| Untracked 
| 172|0x000000074d400000, 0x000000074d400000, 0x000000074d500000|  0%| F|  |TAMS 0x000000074d400000, 0x000000074d400000| Untracked 
| 173|0x000000074d500000, 0x000000074d500000, 0x000000074d600000|  0%| F|  |TAMS 0x000000074d500000, 0x000000074d500000| Untracked 
| 174|0x000000074d600000, 0x000000074d600000, 0x000000074d700000|  0%| F|  |TAMS 0x000000074d600000, 0x000000074d600000| Untracked 
| 175|0x000000074d700000, 0x000000074d700000, 0x000000074d800000|  0%| F|  |TAMS 0x000000074d700000, 0x000000074d700000| Untracked 
| 176|0x000000074d800000, 0x000000074d800000, 0x000000074d900000|  0%| F|  |TAMS 0x000000074d800000, 0x000000074d800000| Untracked 
| 177|0x000000074d900000, 0x000000074d900000, 0x000000074da00000|  0%| F|  |TAMS 0x000000074d900000, 0x000000074d900000| Untracked 
| 178|0x000000074da00000, 0x000000074da00000, 0x000000074db00000|  0%| F|  |TAMS 0x000000074da00000, 0x000000074da00000| Untracked 
| 179|0x000000074db00000, 0x000000074db00000, 0x000000074dc00000|  0%| F|  |TAMS 0x000000074db00000, 0x000000074db00000| Untracked 
| 180|0x000000074dc00000, 0x000000074dc00000, 0x000000074dd00000|  0%| F|  |TAMS 0x000000074dc00000, 0x000000074dc00000| Untracked 
| 181|0x000000074dd00000, 0x000000074dd00000, 0x000000074de00000|  0%| F|  |TAMS 0x000000074dd00000, 0x000000074dd00000| Untracked 
| 182|0x000000074de00000, 0x000000074de00000, 0x000000074df00000|  0%| F|  |TAMS 0x000000074de00000, 0x000000074de00000| Untracked 
| 183|0x000000074df00000, 0x000000074df00000, 0x000000074e000000|  0%| F|  |TAMS 0x000000074df00000, 0x000000074df00000| Untracked 
| 184|0x000000074e000000, 0x000000074e000000, 0x000000074e100000|  0%| F|  |TAMS 0x000000074e000000, 0x000000074e000000| Untracked 
| 185|0x000000074e100000, 0x000000074e100000, 0x000000074e200000|  0%| F|  |TAMS 0x000000074e100000, 0x000000074e100000| Untracked 
| 186|0x000000074e200000, 0x000000074e200000, 0x000000074e300000|  0%| F|  |TAMS 0x000000074e200000, 0x000000074e200000| Untracked 
| 187|0x000000074e300000, 0x000000074e300000, 0x000000074e400000|  0%| F|  |TAMS 0x000000074e300000, 0x000000074e300000| Untracked 
| 188|0x000000074e400000, 0x000000074e400800, 0x000000074e500000|  0%| E|  |TAMS 0x000000074e400000, 0x000000074e400000| Complete 
| 189|0x000000074e500000, 0x000000074e600000, 0x000000074e600000|100%| E|CS|TAMS 0x000000074e500000, 0x000000074e500000| Complete 

Card table byte_map: [0x000001aeba8f0000,0x000001aebaee0000] _byte_map_base: 0x000001aeb6edc000

Marking Bits (Prev, Next): (CMBitMap*) 0x000001aea769f480, (CMBitMap*) 0x000001aea769f448
 Prev Bits: [0x000001aebe430000, 0x000001aec1390000)
 Next Bits: [0x000001aebb4d0000, 0x000001aebe430000)

Polling page: 0x000001aea5610000

Metaspace:

Usage:
  Non-class:      9.50 MB capacity,     9.38 MB ( 99%) used,   115.30 KB (  1%) free+waste,    10.75 KB ( <1%) overhead. 
      Class:      1.20 MB capacity,     1.11 MB ( 93%) used,    80.55 KB (  7%) free+waste,     5.19 KB ( <1%) overhead. 
       Both:     10.70 MB capacity,    10.50 MB ( 98%) used,   195.85 KB (  2%) free+waste,    15.94 KB ( <1%) overhead. 

Virtual space:
  Non-class space:       20.00 MB reserved,       9.75 MB ( 49%) committed 
      Class space:        1.00 GB reserved,       1.25 MB ( <1%) committed 
             Both:        1.02 GB reserved,      11.00 MB (  1%) committed 

Chunk freelists:
   Non-Class:  59.00 KB
       Class:  22.00 KB
        Both:  81.00 KB

MaxMetaspaceSize: 17179869184.00 GB
CompressedClassSpaceSize: 1.00 GB

CodeHeap 'non-profiled nmethods': size=120000Kb used=266Kb max_used=266Kb free=119733Kb
 bounds [0x000001aeb2aa0000, 0x000001aeb2d10000, 0x000001aeb9fd0000]
CodeHeap 'profiled nmethods': size=120000Kb used=1587Kb max_used=1587Kb free=118412Kb
 bounds [0x000001aeab570000, 0x000001aeab7e0000, 0x000001aeb2aa0000]
CodeHeap 'non-nmethods': size=5760Kb used=1076Kb max_used=1095Kb free=4683Kb
 bounds [0x000001aeaafd0000, 0x000001aeab240000, 0x000001aeab570000]
 total_blobs=1228 nmethods=852 adapters=288
 compilation: enabled
              stopped_count=0, restarted_count=0
 full_count=0

Compilation events (20 events):
Event: 3.522 Thread 0x000001aec4654800 nmethod 825 0x000001aeab6ea810 code [0x000001aeab6eaaa0, 0x000001aeab6eb528]
Event: 3.527 Thread 0x000001aec4654800  826       1       java.util.Formatter$Flags::valueOf (5 bytes)
Event: 3.528 Thread 0x000001aec4654800 nmethod 826 0x000001aeb2adca10 code [0x000001aeb2adcbc0, 0x000001aeb2adcc78]
Event: 3.528 Thread 0x000001aec4654800  827       3       java.util.regex.Pattern$BmpCharProperty::match (55 bytes)
Event: 3.528 Thread 0x000001aec4654800 nmethod 827 0x000001aeab6eb910 code [0x000001aeab6ebb00, 0x000001aeab6ebfa8]
Event: 3.528 Thread 0x000001aec4654800  828       3       java.io.File::<init> (113 bytes)
Event: 3.529 Thread 0x000001aec4654800 nmethod 828 0x000001aeab6ec110 code [0x000001aeab6ec3c0, 0x000001aeab6ecdb8]
Event: 3.597 Thread 0x000001aec4654800  829       3       java.util.regex.ASCII::isDigit (18 bytes)
Event: 3.597 Thread 0x000001aec4654800 nmethod 829 0x000001aeab6ed110 code [0x000001aeab6ed2c0, 0x000001aeab6ed418]
Event: 3.630 Thread 0x000001aec4651000 nmethod 811 0x000001aeb2adcd10 code [0x000001aeb2add080, 0x000001aeb2adfe98]
Event: 3.630 Thread 0x000001aec4651000  812  s!   4       jdk.internal.loader.URLClassPath::getLoader (194 bytes)
Event: 3.649 Thread 0x000001aec4654800  832       3       java.lang.StringLatin1::toUpperCase (180 bytes)
Event: 3.651 Thread 0x000001aec4654800 nmethod 832 0x000001aeab6ed490 code [0x000001aeab6ed740, 0x000001aeab6ee498]
Event: 3.651 Thread 0x000001aec4654800  833       3       java.lang.StringCoding$Result::with (12 bytes)
Event: 3.651 Thread 0x000001aec4654800 nmethod 833 0x000001aeab6ee990 code [0x000001aeab6eeb40, 0x000001aeab6eec98]
Event: 3.651 Thread 0x000001aec4654800  834       3       java.util.jar.Manifest$FastInputStream::readLine (9 bytes)
Event: 3.652 Thread 0x000001aec4654800 nmethod 834 0x000001aeab6eed10 code [0x000001aeab6eeec0, 0x000001aeab6ef008]
Event: 3.665 Thread 0x000001aec4654800  835       3       java.lang.invoke.MethodTypeForm::canonicalize (64 bytes)
Event: 3.665 Thread 0x000001aec4654800 nmethod 835 0x000001aeab6ef110 code [0x000001aeab6ef300, 0x000001aeab6ef608]
Event: 3.665 Thread 0x000001aec4654800  836       3       java.lang.invoke.MethodType$ConcurrentWeakInternSet::add (66 bytes)

GC Heap History (0 events):
No events

Deoptimization events (20 events):
Event: 3.410 Thread 0x000001aea7650000 Uncommon trap: trap_request=0xffffff4d fr.pc=0x000001aeb2abc4a8 relative=0x00000000000001c8
Event: 3.410 Thread 0x000001aea7650000 Uncommon trap: reason=unstable_if action=reinterpret pc=0x000001aeb2abc4a8 method=java.util.regex.Matcher.reset()Ljava/util/regex/Matcher; @ 47 c2
Event: 3.410 Thread 0x000001aea7650000 DEOPT PACKING pc=0x000001aeb2abc4a8 sp=0x0000006f6c7fdc70
Event: 3.410 Thread 0x000001aea7650000 DEOPT UNPACKING pc=0x000001aeaaff772f sp=0x0000006f6c7fdbf8 mode 2
Event: 3.410 Thread 0x000001aea7650000 Uncommon trap: trap_request=0xffffffde fr.pc=0x000001aeb2abcf94 relative=0x00000000000003f4
Event: 3.410 Thread 0x000001aea7650000 Uncommon trap: reason=class_check action=maybe_recompile pc=0x000001aeb2abcf94 method=java.util.regex.Matcher.match(II)Z @ 121 c2
Event: 3.410 Thread 0x000001aea7650000 DEOPT PACKING pc=0x000001aeb2abcf94 sp=0x0000006f6c7fdcc0
Event: 3.410 Thread 0x000001aea7650000 DEOPT UNPACKING pc=0x000001aeaaff772f sp=0x0000006f6c7fdc68 mode 2
Event: 3.410 Thread 0x000001aea7650000 Uncommon trap: trap_request=0xffffffde fr.pc=0x000001aeb2abcf94 relative=0x00000000000003f4
Event: 3.410 Thread 0x000001aea7650000 Uncommon trap: reason=class_check action=maybe_recompile pc=0x000001aeb2abcf94 method=java.util.regex.Matcher.match(II)Z @ 121 c2
Event: 3.410 Thread 0x000001aea7650000 DEOPT PACKING pc=0x000001aeb2abcf94 sp=0x0000006f6c7fdcc0
Event: 3.410 Thread 0x000001aea7650000 DEOPT UNPACKING pc=0x000001aeaaff772f sp=0x0000006f6c7fdc68 mode 2
Event: 3.411 Thread 0x000001aea7650000 Uncommon trap: trap_request=0xffffffde fr.pc=0x000001aeb2abcf94 relative=0x00000000000003f4
Event: 3.411 Thread 0x000001aea7650000 Uncommon trap: reason=class_check action=maybe_recompile pc=0x000001aeb2abcf94 method=java.util.regex.Matcher.match(II)Z @ 121 c2
Event: 3.411 Thread 0x000001aea7650000 DEOPT PACKING pc=0x000001aeb2abcf94 sp=0x0000006f6c7fdb40
Event: 3.411 Thread 0x000001aea7650000 DEOPT UNPACKING pc=0x000001aeaaff772f sp=0x0000006f6c7fdae8 mode 2
Event: 3.411 Thread 0x000001aea7650000 Uncommon trap: trap_request=0xffffffde fr.pc=0x000001aeb2abcf94 relative=0x00000000000003f4
Event: 3.411 Thread 0x000001aea7650000 Uncommon trap: reason=class_check action=maybe_recompile pc=0x000001aeb2abcf94 method=java.util.regex.Matcher.match(II)Z @ 121 c2
Event: 3.411 Thread 0x000001aea7650000 DEOPT PACKING pc=0x000001aeb2abcf94 sp=0x0000006f6c7fdb40
Event: 3.411 Thread 0x000001aea7650000 DEOPT UNPACKING pc=0x000001aeaaff772f sp=0x0000006f6c7fdae8 mode 2

Classes redefined (0 events):
No events

Internal exceptions (5 events):
Event: 0.618 Thread 0x000001aea7650000 Exception <a 'java/lang/NoSuchMethodError'{0x000000074e4992a8}: 'int java.lang.invoke.DirectMethodHandle$Holder.invokeSpecialIFC(java.lang.Object, java.lang.Object, int)'> (0x000000074e4992a8) thrown at [./src/hotspot/share/interpreter/linkResolver.cpp, line 773]
Event: 0.970 Thread 0x000001aea7650000 Exception <a 'java/lang/NoSuchMethodError'{0x000000074e21c9e8}: 'int java.lang.invoke.DirectMethodHandle$Holder.invokeStaticInit(java.lang.Object, java.lang.Object)'> (0x000000074e21c9e8) thrown at [./src/hotspot/share/interpreter/linkResolver.cpp, line 773]
Event: 1.893 Thread 0x000001aea7650000 Exception <a 'java/lang/NoSuchMethodError'{0x000000074e2d6c80}: 'int java.lang.invoke.DirectMethodHandle$Holder.invokeSpecial(java.lang.Object, java.lang.Object, java.lang.Object, java.lang.Object)'> (0x000000074e2d6c80) thrown at [./src/hotspot/share/interpreter/linkResolver.cpp, line 773]
Event: 3.472 Thread 0x000001aea7650000 Exception <a 'java/lang/NoClassDefFoundError'{0x000000074d394a88}: org/slf4j/impl/StaticMarkerBinder> (0x000000074d394a88) thrown at [./src/hotspot/share/classfile/systemDictionary.cpp, line 220]
Event: 3.500 Thread 0x000001aea7650000 Exception <a 'java/lang/NoSuchMethodError'{0x000000074d22cc28}: 'java.lang.Object java.lang.invoke.DirectMethodHandle$Holder.invokeVirtual(java.lang.Object, java.lang.Object, java.lang.Object, java.lang.Object, java.lang.Object)'> (0x000000074d22cc28) thrown at [./src/hotspot/share/interpreter/linkResolver.cpp, line 773]

Events (20 events):
Event: 3.647 loading class org/gradle/internal/nativeintegration/jansi/JansiOperatingSystemSupport
Event: 3.647 loading class org/gradle/internal/nativeintegration/jansi/JansiOperatingSystemSupport done
Event: 3.647 loading class org/gradle/internal/nativeintegration/jansi/JansiLibraryFactory$1
Event: 3.647 loading class org/gradle/internal/nativeintegration/jansi/JansiLibraryFactory$1 done
Event: 3.648 loading class org/gradle/internal/nativeintegration/jansi/JansiLibrary
Event: 3.648 loading class org/gradle/internal/nativeintegration/jansi/JansiLibrary done
Event: 3.649 loading class org/fusesource/jansi/Ansi
Event: 3.649 loading class org/fusesource/jansi/Ansi done
Event: 3.656 Executing VM operation: CollectForMetadataAllocation
Event: 3.656 Executing VM operation: CollectForMetadataAllocation done
Event: 3.656 loading class org/gradle/internal/nativeintegration/jansi/JansiStorage
Event: 3.656 loading class org/gradle/internal/nativeintegration/jansi/JansiStorage done
Event: 3.663 loading class org/gradle/internal/logging/services/DefaultLoggingManager$ProcessConsoleAttachment
Event: 3.663 loading class org/gradle/internal/logging/services/DefaultLoggingManager$ProcessConsoleAttachment done
Event: 3.663 loading class org/gradle/internal/logging/sink/ConsoleConfigureAction
Event: 3.663 loading class org/gradle/internal/logging/sink/ConsoleConfigureAction done
Event: 3.664 loading class org/gradle/internal/logging/console/Console
Event: 3.664 loading class org/gradle/internal/logging/console/Console done
Event: 3.665 loading class org/gradle/internal/os/OperatingSystem$Windows
Event: 3.665 loading class org/gradle/internal/os/OperatingSystem$Windows done


Dynamic libraries:
0x00007ff74a730000 - 0x00007ff74a73a000 	C:\Program Files\Android\Android Studio\jre\bin\java.exe
0x00007ffe0df50000 - 0x00007ffe0e148000 	C:\WINDOWS\SYSTEM32\ntdll.dll
0x00007ffe0bfb0000 - 0x00007ffe0c06d000 	C:\WINDOWS\System32\KERNEL32.DLL
0x00007ffe0bb30000 - 0x00007ffe0bdfe000 	C:\WINDOWS\System32\KERNELBASE.dll
0x00007ffe0b810000 - 0x00007ffe0b910000 	C:\WINDOWS\System32\ucrtbase.dll
0x00007ffdd0ea0000 - 0x00007ffdd0eb9000 	C:\Program Files\Android\Android Studio\jre\bin\jli.dll
0x00007ffe0dae0000 - 0x00007ffe0dc80000 	C:\WINDOWS\System32\USER32.dll
0x00007ffe0b730000 - 0x00007ffe0b752000 	C:\WINDOWS\System32\win32u.dll
0x00007ffe0dd40000 - 0x00007ffe0dd6a000 	C:\WINDOWS\System32\GDI32.dll
0x00007ffe0be00000 - 0x00007ffe0bf0b000 	C:\WINDOWS\System32\gdi32full.dll
0x00007ffe0bf10000 - 0x00007ffe0bfad000 	C:\WINDOWS\System32\msvcp_win.dll
0x00007ffdce0f0000 - 0x00007ffdce107000 	C:\Program Files\Android\Android Studio\jre\bin\VCRUNTIME140.dll
0x00007ffdf6ea0000 - 0x00007ffdf713a000 	C:\WINDOWS\WinSxS\amd64_microsoft.windows.common-controls_6595b64144ccf1df_6.0.19041.1110_none_60b5254171f9507e\COMCTL32.dll
0x00007ffe0d720000 - 0x00007ffe0d7be000 	C:\WINDOWS\System32\msvcrt.dll
0x00007ffe0cfc0000 - 0x00007ffe0cff0000 	C:\WINDOWS\System32\IMM32.DLL
0x00007ffdc1d70000 - 0x00007ffdc1e0d000 	C:\Program Files\Android\Android Studio\jre\bin\msvcp140.dll
0x00007ffd68ed0000 - 0x00007ffd6998c000 	C:\Program Files\Android\Android Studio\jre\bin\server\jvm.dll
0x00007ffe0da30000 - 0x00007ffe0dade000 	C:\WINDOWS\System32\ADVAPI32.dll
0x00007ffe0c070000 - 0x00007ffe0c10c000 	C:\WINDOWS\System32\sechost.dll
0x00007ffe0d350000 - 0x00007ffe0d475000 	C:\WINDOWS\System32\RPCRT4.dll
0x00007ffe0df00000 - 0x00007ffe0df08000 	C:\WINDOWS\System32\PSAPI.DLL
0x00007ffe053d0000 - 0x00007ffe053d9000 	C:\WINDOWS\SYSTEM32\WSOCK32.dll
0x00007ffde5d30000 - 0x00007ffde5d57000 	C:\WINDOWS\SYSTEM32\WINMM.dll
0x00007ffe0d480000 - 0x00007ffe0d4eb000 	C:\WINDOWS\System32\WS2_32.dll
0x00007ffe05310000 - 0x00007ffe0531a000 	C:\WINDOWS\SYSTEM32\VERSION.dll
0x00007ffe09f00000 - 0x00007ffe09f12000 	C:\WINDOWS\SYSTEM32\kernel.appcore.dll
0x00007ffdcdfd0000 - 0x00007ffdcdfe1000 	C:\Program Files\Android\Android Studio\jre\bin\verify.dll
0x00007ffe09470000 - 0x00007ffe09654000 	C:\WINDOWS\SYSTEM32\DBGHELP.DLL
0x00007ffdf8820000 - 0x00007ffdf884c000 	C:\WINDOWS\SYSTEM32\dbgcore.DLL
0x00007ffe0b910000 - 0x00007ffe0b992000 	C:\WINDOWS\System32\bcryptPrimitives.dll
0x00007ffdcdfa0000 - 0x00007ffdcdfc9000 	C:\Program Files\Android\Android Studio\jre\bin\java.dll
0x00007ffdf0d50000 - 0x00007ffdf0d5b000 	C:\Program Files\Android\Android Studio\jre\bin\jimage.dll
0x00007ffdcde30000 - 0x00007ffdcde48000 	C:\Program Files\Android\Android Studio\jre\bin\zip.dll
0x00007ffe0c810000 - 0x00007ffe0cf54000 	C:\WINDOWS\System32\SHELL32.dll
0x00007ffe09750000 - 0x00007ffe09ee4000 	C:\WINDOWS\SYSTEM32\windows.storage.dll
0x00007ffe0cff0000 - 0x00007ffe0d344000 	C:\WINDOWS\System32\combase.dll
0x00007ffe0b0d0000 - 0x00007ffe0b100000 	C:\WINDOWS\SYSTEM32\Wldp.dll
0x00007ffe0dd70000 - 0x00007ffe0de1d000 	C:\WINDOWS\System32\SHCORE.dll
0x00007ffe0cf60000 - 0x00007ffe0cfb5000 	C:\WINDOWS\System32\shlwapi.dll
0x00007ffe0b5b0000 - 0x00007ffe0b5cf000 	C:\WINDOWS\SYSTEM32\profapi.dll
0x00007ffdccc80000 - 0x00007ffdccc9a000 	C:\Program Files\Android\Android Studio\jre\bin\net.dll
0x00007ffdf7930000 - 0x00007ffdf7a3a000 	C:\WINDOWS\SYSTEM32\WINHTTP.dll
0x00007ffe0ae30000 - 0x00007ffe0ae9a000 	C:\WINDOWS\system32\mswsock.dll
0x00007ffdcc8b0000 - 0x00007ffdcc8c4000 	C:\Program Files\Android\Android Studio\jre\bin\nio.dll
0x00007ffdfc0c0000 - 0x00007ffdfc0e6000 	C:\Users\User\.gradle\native\fdc75f09e3144964f2cf3f50f0aa648679c211496f362492102eb8c894070792\windows-amd64\native-platform.dll
0x00007ffdc1f40000 - 0x00007ffdc20d1000 	C:\Users\User\.gradle\native\12488b8bf47d2d4c9fbf2f6322a914ad602e24e48041cd04a747c6da556b65c4\windows-amd64\native-platform-file-events.dll

dbghelp: loaded successfully - version: 4.0.5 - missing functions: none
symbol engine: initialized successfully - sym options: 0x614 - pdb path: .;C:\Program Files\Android\Android Studio\jre\bin;C:\WINDOWS\SYSTEM32;C:\WINDOWS\WinSxS\amd64_microsoft.windows.common-controls_6595b64144ccf1df_6.0.19041.1110_none_60b5254171f9507e;C:\Program Files\Android\Android Studio\jre\bin\server;C:\Users\User\.gradle\native\fdc75f09e3144964f2cf3f50f0aa648679c211496f362492102eb8c894070792\windows-amd64;C:\Users\User\.gradle\native\12488b8bf47d2d4c9fbf2f6322a914ad602e24e48041cd04a747c6da556b65c4\windows-amd64

VM Arguments:
jvm_args: -Dorg.gradle.appname=gradlew 
java_command: org.gradle.wrapper.GradleWrapperMain -q -Ptarget-platform=android-x86 -Ptarget=D:\code\dart_flutter\Billing-App-Flutter\lib\main.dart -Pbase-application-name=android.app.Application -Pdart-defines=Zmx1dHRlci5pbnNwZWN0b3Iuc3RydWN0dXJlZEVycm9ycz10cnVl,RkxVVFRFUl9XRUJfQVVUT19ERVRFQ1Q9dHJ1ZQ== -Pdart-obfuscation=false -Ptrack-widget-creation=true -Ptree-shake-icons=false -Pfilesystem-scheme=org-dartlang-root assembleDebug
java_class_path (initial): D:\code\dart_flutter\Billing-App-Flutter\android\\gradle\wrapper\gradle-wrapper.jar
Launcher Type: SUN_STANDARD

[Global flags]
     intx CICompilerCount                          = 4                                         {product} {ergonomic}
     uint ConcGCThreads                            = 2                                         {product} {ergonomic}
     uint G1ConcRefinementThreads                  = 8                                         {product} {ergonomic}
   size_t G1HeapRegionSize                         = 1048576                                   {product} {ergonomic}
    uintx GCDrainStackTargetSize                   = 64                                        {product} {ergonomic}
   size_t InitialHeapSize                          = 199229440                                 {product} {ergonomic}
   size_t MarkStackSize                            = 4194304                                   {product} {ergonomic}
   size_t MaxHeapSize                              = 3179282432                                {product} {ergonomic}
   size_t MaxNewSize                               = 1907359744                                {product} {ergonomic}
   size_t MinHeapDeltaBytes                        = 1048576                                   {product} {ergonomic}
    uintx NonNMethodCodeHeapSize                   = 5836300                                {pd product} {ergonomic}
    uintx NonProfiledCodeHeapSize                  = 122910970                              {pd product} {ergonomic}
    uintx ProfiledCodeHeapSize                     = 122910970                              {pd product} {ergonomic}
    uintx ReservedCodeCacheSize                    = 251658240                              {pd product} {ergonomic}
     bool SegmentedCodeCache                       = true                                      {product} {ergonomic}
     bool UseCompressedClassPointers               = true                                 {lp64_product} {ergonomic}
     bool UseCompressedOops                        = true                                 {lp64_product} {ergonomic}
     bool UseG1GC                                  = true                                      {product} {ergonomic}
     bool UseLargePagesIndividualAllocation        = false                                  {pd product} {ergonomic}

Logging:
Log output configuration:
 #0: stdout all=warning uptime,level,tags
 #1: stderr all=off uptime,level,tags

Environment Variables:
JAVA_HOME=C:\Program Files\Android\Android Studio\jre
CLASSPATH=D:\code\dart_flutter\Billing-App-Flutter\android\\gradle\wrapper\gradle-wrapper.jar
PATH=C:\Program Files\Common Files\Oracle\Java\javapath;C:\Program Files\AdoptOpenJDK\jdk-11.0.11.9-hotspot\bin;C:\Program Files (x86)\Common Files\Oracle\Java\javapath;C:\ProgramData\Oracle\Java\javapath;C:\WINDOWS\system32;C:\WINDOWS;C:\WINDOWS\System32\Wbem;C:\WINDOWS\System32\WindowsPowerShell\v1.0\;C:\WINDOWS\System32\OpenSSH\;F:\matlab\runtime\win64;F:\matlab\bin;F:\matlab\polyspace\bin;F:\matlab\matlabapp\runtime\win64;F:\matlab\matlabapp\bin;F:\matlab\matlabapp\polyspace\bin;C:\Program Files\PuTTY\;C:\Program Files\Java\jdk1.8.0_45\bin;C:\Program Files\Git\cmd;F:\Programming\flutter\bin;F:\x86_64-8.1.0-win32-seh-rt_v6-rev0\mingw64\bin;C:\Program Files\Microsoft VS Code\bin;C:\sdk;C:\Program Files\dotnet\;C:\Program Files (x86)\GtkSharp\2.12\bin;F:\other apps\Dev-Cpp 5.6.3 Setup x64\Dev-Cpp\MinGW64\bin;C:\Users\User\AppData\Local\Microsoft\WindowsApps;F:\Microsoft VS Code\bin;C:\Program Files\JetBrains\IntelliJ IDEA 2020.3.1\bin;C:\Users\User\AppData\Local\GitHubDesktop\bin;C:\Program Files\JetBrains\PyCharm 2021.1.3\bin;C:\Users\User\.dotnet\tools;F:\Programming\flutter\bin;C:\Users\User\AppData\Local\Programs\MiKTeX\miktex\bin\x64\;F:\other apps\Dev-Cpp 5.6.3 Setup x64\Dev-Cpp\MinGW64\bin;C:\modeltech64_2020.4\win64;C:\intelFPGA_lite\modelsim\modelsim_ase\win32aloem;F:\Programming\flutter\bin\mingit\cmd
USERNAME=User
OS=Windows_NT
PROCESSOR_IDENTIFIER=Intel64 Family 6 Model 142 Stepping 12, GenuineIntel



---------------  S Y S T E M  ---------------

OS: Windows 10 , 64 bit Build 19041 (10.0.19041.1889)
OS uptime: 9 days 11:56 hours

CPU:total 8 (initial active 8) (4 cores per cpu, 2 threads per core) family 6 model 142 stepping 12, cmov, cx8, fxsr, mmx, sse, sse2, sse3, ssse3, sse4.1, sse4.2, popcnt, avx, avx2, aes, clmul, erms, 3dnowpref, lzcnt, ht, tsc, tscinvbit, bmi1, bmi2, adx, fma

Memory: 4k page, system-wide physical 12121M (400M free)
TotalPageFile size 42473M (AvailPageFile size 8M)
current process WorkingSet (physical memory assigned to process): 87M, peak: 87M
current process commit charge ("private bytes"): 288M, peak: 288M

vm_info: OpenJDK 64-Bit Server VM (11.0.8+10-b944.6842174) for windows-amd64 JRE (11.0.8+10-b944.6842174), built on Sep 19 2020 01:11:42 by "builder" with MS VC++ 14.0 (VS2015)

END.
